<?xml version="1.0" encoding="UTF-8"?>
<testng-results ignored="0" total="1" passed="1" failed="0" skipped="0">
  <reporter-output>
  </reporter-output>
  <suite started-at="2026-07-17T13:52:26 IST" name="Default suite" finished-at="2026-07-17T13:52:59 IST" duration-ms="32491">
    <groups>
    </groups>
    <test started-at="2026-07-17T13:52:26 IST" name="Default test" finished-at="2026-07-17T13:52:59 IST" duration-ms="32491">
      <class name="MultipleFrame.Multiple_Frame">
        <test-method signature="Frames()[pri:0, instance:MultipleFrame.Multiple_Frame@49e53c76]" started-at="2026-07-17T13:52:26 IST" name="Frames" finished-at="2026-07-17T13:52:59 IST" duration-ms="32440" status="PASS">
          <reporter-output>
          </reporter-output>
        </test-method> <!-- Frames -->
      </class> <!-- MultipleFrame.Multiple_Frame -->
    </test> <!-- Default test -->
  </suite> <!-- Default suite -->
</testng-results>
