<?xml version="1.0" encoding="UTF-8"?>
<!-- Generated by org.testng.reporters.JUnitXMLReporter -->
<testsuite ignored="0" hostname="Manu" failures="0" tests="3" name="Default test" time="15.376" errors="0" timestamp="2026-07-20T16:10:23 IST">
  <testcase classname="com.JenkinsCICDTest.CICDTesting" name="NavigateDemo" time="5.954"/>
  <testcase classname="com.JenkinsCICDTest.CICDTesting" name="NavigateBackDemo" time="6.389"/>
  <testcase classname="com.JenkinsCICDTest.CICDTesting" name="RefreshMethod" time="2.81"/>
</testsuite> <!-- Default test -->
