<?xml version="1.0" encoding="UTF-8"?>
<!-- Generated by org.testng.reporters.JUnitXMLReporter -->
<testsuite ignored="0" hostname="LenovoLegion-5" failures="0" tests="3" name="SauceDemo Tests" time="8.127" errors="0" timestamp="2026-07-29T02:08:22 IST">
  <testcase classname="com.saucedemo.testcases.LoginTest" name="verifyLogin" time="0.363"/>
  <testcase classname="com.saucedemo.testcases.AddToCartTest" name="verifyAddToCart" time="0.474"/>
  <testcase classname="com.saucedemo.testcases.LogoutTest" name="verifyLogout" time="2.065"/>
</testsuite> <!-- SauceDemo Tests -->
