<?xml version="1.0" encoding="UTF-8"?>
<testng-results ignored="0" total="1" passed="1" failed="0" skipped="0">
  <reporter-output>
  </reporter-output>
  <suite started-at="2026-07-18T12:00:10 IST" name="Default suite" finished-at="2026-07-18T12:00:29 IST" duration-ms="19080">
    <groups>
    </groups>
    <test started-at="2026-07-18T12:00:10 IST" name="Default test" finished-at="2026-07-18T12:00:29 IST" duration-ms="19080">
      <class name="screenShotsDemo.TestScreenShots1">
        <test-method signature="Browser()[pri:0, instance:screenShotsDemo.TestScreenShots1@4c371370]" started-at="2026-07-18T12:00:10 IST" name="Browser" finished-at="2026-07-18T12:00:29 IST" duration-ms="19023" status="PASS">
          <reporter-output>
          </reporter-output>
        </test-method> <!-- Browser -->
      </class> <!-- screenShotsDemo.TestScreenShots1 -->
    </test> <!-- Default test -->
  </suite> <!-- Default suite -->
</testng-results>
