<?xml version="1.0" encoding="UTF-8"?>
<testng-results ignored="0" total="1" passed="1" failed="0" skipped="0">
  <reporter-output>
  </reporter-output>
  <suite started-at="2026-07-16T11:49:41 IST" name="Default suite" finished-at="2026-07-16T11:50:25 IST" duration-ms="44300">
    <groups>
    </groups>
    <test started-at="2026-07-16T11:49:41 IST" name="Default test" finished-at="2026-07-16T11:50:25 IST" duration-ms="44300">
      <class name="com.SeleniumWebDriverLocator.LinkTextAndPartialLink">
        <test-method is-config="true" signature="setUp()[pri:0, instance:com.SeleniumWebDriverLocator.LinkTextAndPartialLink@557caf28]" started-at="2026-07-16T11:49:41 IST" name="setUp" finished-at="2026-07-16T11:49:58 IST" duration-ms="17141" status="PASS">
          <reporter-output>
          </reporter-output>
        </test-method> <!-- setUp -->
        <test-method signature="linkTest()[pri:0, instance:com.SeleniumWebDriverLocator.LinkTextAndPartialLink@557caf28]" started-at="2026-07-16T11:49:58 IST" name="linkTest" finished-at="2026-07-16T11:50:25 IST" duration-ms="27109" status="PASS">
          <reporter-output>
          </reporter-output>
        </test-method> <!-- linkTest -->
      </class> <!-- com.SeleniumWebDriverLocator.LinkTextAndPartialLink -->
    </test> <!-- Default test -->
  </suite> <!-- Default suite -->
</testng-results>
