<?xml version="1.0" encoding="UTF-8"?>
<testng-results ignored="0" total="1" passed="1" failed="0" skipped="0">
  <reporter-output>
  </reporter-output>
  <suite started-at="2026-07-17T22:10:32 IST" name="Default suite" finished-at="2026-07-17T22:11:14 IST" duration-ms="41358">
    <groups>
    </groups>
    <test started-at="2026-07-17T22:10:32 IST" name="Default test" finished-at="2026-07-17T22:11:14 IST" duration-ms="41358">
      <class name="DDT_CSV_FILE.CSV_File">
        <test-method is-config="true" signature="setup()[pri:0, instance:DDT_CSV_FILE.CSV_File@34123d65]" started-at="2026-07-17T22:10:32 IST" name="setup" finished-at="2026-07-17T22:10:37 IST" duration-ms="4726" status="PASS">
          <reporter-output>
          </reporter-output>
        </test-method> <!-- setup -->
        <test-method signature="DDTTestingBlog()[pri:0, instance:DDT_CSV_FILE.CSV_File@34123d65]" started-at="2026-07-17T22:10:37 IST" name="DDTTestingBlog" finished-at="2026-07-17T22:11:13 IST" duration-ms="36250" status="PASS">
          <reporter-output>
          </reporter-output>
        </test-method> <!-- DDTTestingBlog -->
        <test-method is-config="true" signature="tearDown()[pri:0, instance:DDT_CSV_FILE.CSV_File@34123d65]" started-at="2026-07-17T22:11:13 IST" name="tearDown" finished-at="2026-07-17T22:11:14 IST" duration-ms="332" status="PASS">
          <reporter-output>
          </reporter-output>
        </test-method> <!-- tearDown -->
      </class> <!-- DDT_CSV_FILE.CSV_File -->
    </test> <!-- Default test -->
  </suite> <!-- Default suite -->
</testng-results>
