<?xml version="1.0" encoding="UTF-8"?>
<testng-results ignored="0" total="1" passed="1" failed="0" skipped="0">
  <reporter-output>
  </reporter-output>
  <suite started-at="2026-07-17T15:13:48 IST" name="Default suite" finished-at="2026-07-17T15:14:03 IST" duration-ms="14829">
    <groups>
    </groups>
    <test started-at="2026-07-17T15:13:48 IST" name="Default test" finished-at="2026-07-17T15:14:03 IST" duration-ms="14829">
      <class name="ListBox_OR_DropDown.Webdriver_DropDown_Box">
        <test-method is-config="true" signature="setup()[pri:0, instance:ListBox_OR_DropDown.Webdriver_DropDown_Box@557caf28]" started-at="2026-07-17T15:13:48 IST" name="setup" finished-at="2026-07-17T15:13:58 IST" duration-ms="10184" status="PASS">
          <reporter-output>
          </reporter-output>
        </test-method> <!-- setup -->
        <test-method signature="dropDownList()[pri:0, instance:ListBox_OR_DropDown.Webdriver_DropDown_Box@557caf28]" started-at="2026-07-17T15:13:58 IST" name="dropDownList" finished-at="2026-07-17T15:14:03 IST" duration-ms="4572" status="PASS">
          <reporter-output>
          </reporter-output>
        </test-method> <!-- dropDownList -->
      </class> <!-- ListBox_OR_DropDown.Webdriver_DropDown_Box -->
    </test> <!-- Default test -->
  </suite> <!-- Default suite -->
</testng-results>
