<?xml version="1.0" encoding="UTF-8"?>
<!-- Generated by org.testng.reporters.JUnitReportReporter -->
<testsuite hostname="Manu" failures="0" tests="3" name="com.Selenium_NAvigation_Commond_ChromeBrowser.Chrome_Navigation" time="17.219" errors="0" timestamp="2026-07-15T10:45:34 IST" skipped="0">
  <testcase classname="com.Selenium_NAvigation_Commond_ChromeBrowser.Chrome_Navigation" name="NavigateDemo" time="4.625"/>
  <testcase classname="com.Selenium_NAvigation_Commond_ChromeBrowser.Chrome_Navigation" name="NavigateBackDemo" time="8.457"/>
  <testcase classname="com.Selenium_NAvigation_Commond_ChromeBrowser.Chrome_Navigation" name="RefreshMethod" time="4.137"/>
</testsuite> <!-- com.Selenium_NAvigation_Commond_ChromeBrowser.Chrome_Navigation -->
