<?xml version="1.0" encoding="UTF-8"?>
<!-- Generated by org.testng.reporters.JUnitReportReporter -->
<testsuite hostname="Manu" failures="0" tests="3" name="com.NavigationMethod.BrowserNavigationTest" time="69.762" errors="0" timestamp="2026-07-16T10:48:47 IST" skipped="0">
  <testcase classname="com.NavigationMethod.BrowserNavigationTest" name="navigateTest" time="23.599"/>
  <testcase classname="com.NavigationMethod.BrowserNavigationTest" name="navigateTest" time="19.745"/>
  <testcase classname="com.NavigationMethod.BrowserNavigationTest" name="navigateTest" time="26.418"/>
</testsuite> <!-- com.NavigationMethod.BrowserNavigationTest -->
