<?xml version="1.0" encoding="UTF-8"?>
<testng-results ignored="0" total="3" passed="3" failed="0" skipped="0">
  <reporter-output>
  </reporter-output>
  <suite started-at="2026-07-16T10:47:37 IST" name="Browser Suite" finished-at="2026-07-16T10:48:47 IST" duration-ms="69937">
    <groups>
    </groups>
    <test started-at="2026-07-16T10:47:37 IST" name="Chrome Test" finished-at="2026-07-16T10:48:04 IST" duration-ms="26489">
      <class name="com.NavigationMethod.BrowserNavigationTest">
        <test-method is-config="true" signature="setup(java.lang.String)[pri:0, instance:com.NavigationMethod.BrowserNavigationTest@4d5d943d]" started-at="2026-07-16T10:47:37 IST" name="setup" finished-at="2026-07-16T10:47:39 IST" duration-ms="2013" status="PASS">
          <params>
            <param index="0">
              <value>
                <![CDATA[chrome]]>
              </value>
            </param>
          </params>
          <reporter-output>
          </reporter-output>
        </test-method> <!-- setup -->
        <test-method signature="navigateTest()[pri:0, instance:com.NavigationMethod.BrowserNavigationTest@4d5d943d]" started-at="2026-07-16T10:47:39 IST" name="navigateTest" finished-at="2026-07-16T10:48:04 IST" duration-ms="24048" status="PASS">
          <reporter-output>
          </reporter-output>
        </test-method> <!-- navigateTest -->
        <test-method is-config="true" signature="tearDown()[pri:0, instance:com.NavigationMethod.BrowserNavigationTest@4d5d943d]" started-at="2026-07-16T10:48:04 IST" name="tearDown" finished-at="2026-07-16T10:48:04 IST" duration-ms="357" status="PASS">
          <reporter-output>
          </reporter-output>
        </test-method> <!-- tearDown -->
      </class> <!-- com.NavigationMethod.BrowserNavigationTest -->
    </test> <!-- Chrome Test -->
    <test started-at="2026-07-16T10:48:04 IST" name="Firefox Test" finished-at="2026-07-16T10:48:28 IST" duration-ms="23605">
      <class name="com.NavigationMethod.BrowserNavigationTest">
        <test-method is-config="true" signature="setup(java.lang.String)[pri:0, instance:com.NavigationMethod.BrowserNavigationTest@302552ec]" started-at="2026-07-16T10:48:04 IST" name="setup" finished-at="2026-07-16T10:48:09 IST" duration-ms="5130" status="PASS">
          <params>
            <param index="0">
              <value>
                <![CDATA[firefox]]>
              </value>
            </param>
          </params>
          <reporter-output>
          </reporter-output>
        </test-method> <!-- setup -->
        <test-method signature="navigateTest()[pri:0, instance:com.NavigationMethod.BrowserNavigationTest@302552ec]" started-at="2026-07-16T10:48:09 IST" name="navigateTest" finished-at="2026-07-16T10:48:26 IST" duration-ms="17113" status="PASS">
          <reporter-output>
          </reporter-output>
        </test-method> <!-- navigateTest -->
        <test-method is-config="true" signature="tearDown()[pri:0, instance:com.NavigationMethod.BrowserNavigationTest@302552ec]" started-at="2026-07-16T10:48:26 IST" name="tearDown" finished-at="2026-07-16T10:48:28 IST" duration-ms="1356" status="PASS">
          <reporter-output>
          </reporter-output>
        </test-method> <!-- tearDown -->
      </class> <!-- com.NavigationMethod.BrowserNavigationTest -->
    </test> <!-- Firefox Test -->
    <test started-at="2026-07-16T10:48:28 IST" name="Edge Test" finished-at="2026-07-16T10:48:47 IST" duration-ms="19750">
      <class name="com.NavigationMethod.BrowserNavigationTest">
        <test-method is-config="true" signature="setup(java.lang.String)[pri:0, instance:com.NavigationMethod.BrowserNavigationTest@40005471]" started-at="2026-07-16T10:48:28 IST" name="setup" finished-at="2026-07-16T10:48:32 IST" duration-ms="4321" status="PASS">
          <params>
            <param index="0">
              <value>
                <![CDATA[edge]]>
              </value>
            </param>
          </params>
          <reporter-output>
          </reporter-output>
        </test-method> <!-- setup -->
        <test-method signature="navigateTest()[pri:0, instance:com.NavigationMethod.BrowserNavigationTest@40005471]" started-at="2026-07-16T10:48:32 IST" name="navigateTest" finished-at="2026-07-16T10:48:47 IST" duration-ms="15066" status="PASS">
          <reporter-output>
          </reporter-output>
        </test-method> <!-- navigateTest -->
        <test-method is-config="true" signature="tearDown()[pri:0, instance:com.NavigationMethod.BrowserNavigationTest@40005471]" started-at="2026-07-16T10:48:47 IST" name="tearDown" finished-at="2026-07-16T10:48:47 IST" duration-ms="358" status="PASS">
          <reporter-output>
          </reporter-output>
        </test-method> <!-- tearDown -->
      </class> <!-- com.NavigationMethod.BrowserNavigationTest -->
    </test> <!-- Edge Test -->
  </suite> <!-- Browser Suite -->
</testng-results>
