<?xml version="1.0" encoding="UTF-8"?>
<!-- Generated by org.testng.reporters.JUnitReportReporter -->
<testsuite hostname="Manu" failures="0" tests="3" name="com.JenkinsCICDTest.CICDTesting" time="20.703" errors="0" timestamp="2026-07-21T11:02:50 IST" skipped="0">
  <testcase classname="com.JenkinsCICDTest.CICDTesting" name="NavigateDemo" time="8.182"/>
  <testcase classname="com.JenkinsCICDTest.CICDTesting" name="NavigateBackDemo" time="10.571"/>
  <testcase classname="com.JenkinsCICDTest.CICDTesting" name="RefreshMethod" time="1.950"/>
</testsuite> <!-- com.JenkinsCICDTest.CICDTesting -->
