<?xml version="1.0" encoding="UTF-8"?>
<testng-results ignored="0" total="1" passed="1" failed="0" skipped="0">
  <reporter-output>
  </reporter-output>
  <suite started-at="2026-07-22T10:28:34 IST" name="Default suite" finished-at="2026-07-22T10:28:34 IST" duration-ms="673">
    <groups>
    </groups>
    <test started-at="2026-07-22T10:28:34 IST" name="Default test" finished-at="2026-07-22T10:28:34 IST" duration-ms="673">
      <class name="com.JDBCConnection.DatabaseTest">
        <test-method signature="testDatabaseConnection()[pri:0, instance:com.JDBCConnection.DatabaseTest@18078bef]" started-at="2026-07-22T10:28:34 IST" name="testDatabaseConnection" finished-at="2026-07-22T10:28:34 IST" duration-ms="612" status="PASS">
          <reporter-output>
          </reporter-output>
        </test-method> <!-- testDatabaseConnection -->
      </class> <!-- com.JDBCConnection.DatabaseTest -->
    </test> <!-- Default test -->
  </suite> <!-- Default suite -->
</testng-results>
